<?xml version="1.0" encoding="UTF-8"?>
<testsuite xmlns:xsi="http://www.w3.org/2001/XMLSchema-instance" xsi:noNamespaceSchemaLocation="https://maven.apache.org/surefire/maven-surefire-plugin/xsd/surefire-test-report.xsd" name="com.example.bookstoreapi.controller.BookControllerIntegrationTest" time="16.519" tests="3" errors="0" skipped="0" failures="0">
  <properties>
[...]
</properties>
  <testcase name="whenGetBookById_thenStatus200" classname="com.example.bookstoreapi.controller.BookControllerIntegrationTest" time="0.663"/>
  <testcase name="whenGetAllBooks_thenStatus200" classname="com.example.bookstoreapi.controller.BookControllerIntegrationTest" time="0.1"/>
  <testcase name="whenCreateBook_thenStatus201" classname="com.example.bookstoreapi.controller.BookControllerIntegrationTest" time="0.106"/>
</testsuite>